d:\documents\visual studio 2015\projects\prioenginestaticlibrary\prioenginestaticlibrary\release\prioenginestaticlibrary.pdb
d:\documents\visual studio 2015\projects\prioenginestaticlibrary\prioenginestaticlibrary\release\vertextypemanager.obj
d:\documents\visual studio 2015\projects\prioenginestaticlibrary\prioenginestaticlibrary\release\triangle.obj
d:\documents\visual studio 2015\projects\prioenginestaticlibrary\prioenginestaticlibrary\release\textureshader.obj
d:\documents\visual studio 2015\projects\prioenginestaticlibrary\prioenginestaticlibrary\release\texture.obj
d:\documents\visual studio 2015\projects\prioenginestaticlibrary\prioenginestaticlibrary\release\primitive.obj
d:\documents\visual studio 2015\projects\prioenginestaticlibrary\prioenginestaticlibrary\release\modelcontrol.obj
d:\documents\visual studio 2015\projects\prioenginestaticlibrary\prioenginestaticlibrary\release\model.obj
d:\documents\visual studio 2015\projects\prioenginestaticlibrary\prioenginestaticlibrary\release\mesh.obj
d:\documents\visual studio 2015\projects\prioenginestaticlibrary\prioenginestaticlibrary\release\logger.obj
d:\documents\visual studio 2015\projects\prioenginestaticlibrary\prioenginestaticlibrary\release\light.obj
d:\documents\visual studio 2015\projects\prioenginestaticlibrary\prioenginestaticlibrary\release\input.obj
d:\documents\visual studio 2015\projects\prioenginestaticlibrary\prioenginestaticlibrary\release\graphics.obj
d:\documents\visual studio 2015\projects\prioenginestaticlibrary\prioenginestaticlibrary\release\gametimer.obj
d:\documents\visual studio 2015\projects\prioenginestaticlibrary\prioenginestaticlibrary\release\engine.obj
d:\documents\visual studio 2015\projects\prioenginestaticlibrary\prioenginestaticlibrary\release\diffuselightshader.obj
d:\documents\visual studio 2015\projects\prioenginestaticlibrary\prioenginestaticlibrary\release\d3d11.obj
d:\documents\visual studio 2015\projects\prioenginestaticlibrary\prioenginestaticlibrary\release\cube.obj
d:\documents\visual studio 2015\projects\prioenginestaticlibrary\prioenginestaticlibrary\release\colourshader.obj
d:\documents\visual studio 2015\projects\prioenginestaticlibrary\prioenginestaticlibrary\release\camera.obj
d:\documents\visual studio 2015\projects\prioenginestaticlibrary\release\prioenginestaticlibrary.lib
d:\documents\visual studio 2015\projects\prioenginestaticlibrary\prioenginestaticlibrary\release\prioengi.6af12153.tlog\cl.command.1.tlog
d:\documents\visual studio 2015\projects\prioenginestaticlibrary\prioenginestaticlibrary\release\prioengi.6af12153.tlog\cl.read.1.tlog
d:\documents\visual studio 2015\projects\prioenginestaticlibrary\prioenginestaticlibrary\release\prioengi.6af12153.tlog\cl.write.1.tlog
d:\documents\visual studio 2015\projects\prioenginestaticlibrary\prioenginestaticlibrary\release\prioengi.6af12153.tlog\lib-link.read.1.tlog
d:\documents\visual studio 2015\projects\prioenginestaticlibrary\prioenginestaticlibrary\release\prioengi.6af12153.tlog\lib-link.write.1.tlog
d:\documents\visual studio 2015\projects\prioenginestaticlibrary\prioenginestaticlibrary\release\prioengi.6af12153.tlog\lib.command.1.tlog
