  Terrain.cpp
  Graphics.cpp
  Generating Code...
assimp_debug.lib(assimp-vc140-mt.dll) : warning LNK4006: __NULL_IMPORT_DESCRIPTOR already defined in AntTweakBar.lib(AntTweakBar.dll); second definition ignored
assimp_debug.lib(assimp-vc140-mt.dll) : warning LNK4221: This object file does not define any previously undefined public symbols, so it will not be used by any link operation that consumes this library
  PrioEngineStaticLibrary.vcxproj -> C:\Users\Sam\Source\Repos\PrioEngineStaticLibrary\Debug\PrioEngineStaticLibrary.lib
  "Made dir, copying shaders to that dir."
  C:\Users\Sam\Source\Repos\PrioEngineStaticLibrary\PrioEngineStaticLibrary\Engine\Shaders\Colour.ps.hlsl
  C:\Users\Sam\Source\Repos\PrioEngineStaticLibrary\PrioEngineStaticLibrary\Engine\Shaders\Colour.vs.hlsl
  C:\Users\Sam\Source\Repos\PrioEngineStaticLibrary\PrioEngineStaticLibrary\Engine\Shaders\DiffuseLight.ps.hlsl
  C:\Users\Sam\Source\Repos\PrioEngineStaticLibrary\PrioEngineStaticLibrary\Engine\Shaders\DiffuseLight.vs.hlsl
  C:\Users\Sam\Source\Repos\PrioEngineStaticLibrary\PrioEngineStaticLibrary\Engine\Shaders\Font.ps.hlsl
  C:\Users\Sam\Source\Repos\PrioEngineStaticLibrary\PrioEngineStaticLibrary\Engine\Shaders\Font.vs.hlsl
  C:\Users\Sam\Source\Repos\PrioEngineStaticLibrary\PrioEngineStaticLibrary\Engine\Shaders\SpecularLight.ps.hlsl
  C:\Users\Sam\Source\Repos\PrioEngineStaticLibrary\PrioEngineStaticLibrary\Engine\Shaders\SpecularLight.vs.hlsl
  C:\Users\Sam\Source\Repos\PrioEngineStaticLibrary\PrioEngineStaticLibrary\Engine\Shaders\Terrain.ps.hlsl
  C:\Users\Sam\Source\Repos\PrioEngineStaticLibrary\PrioEngineStaticLibrary\Engine\Shaders\Terrain.vs.hlsl
  C:\Users\Sam\Source\Repos\PrioEngineStaticLibrary\PrioEngineStaticLibrary\Engine\Shaders\Texture.ps.hlsl
  C:\Users\Sam\Source\Repos\PrioEngineStaticLibrary\PrioEngineStaticLibrary\Engine\Shaders\Texture.vs.hlsl
  12 File(s) copied
  C:\Users\Sam\Source\Repos\PrioEngineStaticLibrary\PrioEngineStaticLibrary\Engine\Dependencies\DLLs\AntTweakBar.dll
  C:\Users\Sam\Source\Repos\PrioEngineStaticLibrary\PrioEngineStaticLibrary\Engine\Dependencies\DLLs\AntTweakBar64.dll
  C:\Users\Sam\Source\Repos\PrioEngineStaticLibrary\PrioEngineStaticLibrary\Engine\Dependencies\DLLs\assimp-vc140-mt.dll
  3 File(s) copied
  "Made resources dir, copying resources to that dir."
  C:\Users\Sam\Source\Repos\PrioEngineStaticLibrary\PrioEngineStaticLibrary\Engine\Resources\Fonts\defaultFontData.txt
  C:\Users\Sam\Source\Repos\PrioEngineStaticLibrary\PrioEngineStaticLibrary\Engine\Resources\Fonts\font.dds
  C:\Users\Sam\Source\Repos\PrioEngineStaticLibrary\PrioEngineStaticLibrary\Engine\Resources\Fonts\font01.dds
  C:\Users\Sam\Source\Repos\PrioEngineStaticLibrary\PrioEngineStaticLibrary\Engine\Resources\Fonts\font01.tga
  C:\Users\Sam\Source\Repos\PrioEngineStaticLibrary\PrioEngineStaticLibrary\Engine\Resources\Fonts\font01.txt
  C:\Users\Sam\Source\Repos\PrioEngineStaticLibrary\PrioEngineStaticLibrary\Engine\Resources\Models\Cone.FBX
  C:\Users\Sam\Source\Repos\PrioEngineStaticLibrary\PrioEngineStaticLibrary\Engine\Resources\Models\Cube.obj
  C:\Users\Sam\Source\Repos\PrioEngineStaticLibrary\PrioEngineStaticLibrary\Engine\Resources\Models\Cube.sam
  C:\Users\Sam\Source\Repos\PrioEngineStaticLibrary\PrioEngineStaticLibrary\Engine\Resources\Models\Triangle.sam
  C:\Users\Sam\Source\Repos\PrioEngineStaticLibrary\PrioEngineStaticLibrary\Engine\Resources\Models\Wooden_House.fbx
  C:\Users\Sam\Source\Repos\PrioEngineStaticLibrary\PrioEngineStaticLibrary\Engine\Resources\Textures\Baize.jpg
  C:\Users\Sam\Source\Repos\PrioEngineStaticLibrary\PrioEngineStaticLibrary\Engine\Resources\Textures\Dirt.dds
  C:\Users\Sam\Source\Repos\PrioEngineStaticLibrary\PrioEngineStaticLibrary\Engine\Resources\Textures\Dirt.jpg
  C:\Users\Sam\Source\Repos\PrioEngineStaticLibrary\PrioEngineStaticLibrary\Engine\Resources\Textures\House_Texture.png
  C:\Users\Sam\Source\Repos\PrioEngineStaticLibrary\PrioEngineStaticLibrary\Engine\Resources\Textures\Ice.dds
  C:\Users\Sam\Source\Repos\PrioEngineStaticLibrary\PrioEngineStaticLibrary\Engine\Resources\Textures\Rock.dds
  C:\Users\Sam\Source\Repos\PrioEngineStaticLibrary\PrioEngineStaticLibrary\Engine\Resources\Textures\Sand.dds
  C:\Users\Sam\Source\Repos\PrioEngineStaticLibrary\PrioEngineStaticLibrary\Engine\Resources\Textures\seafloor.dds
  C:\Users\Sam\Source\Repos\PrioEngineStaticLibrary\PrioEngineStaticLibrary\Engine\Resources\Textures\Snow.dds
  C:\Users\Sam\Source\Repos\PrioEngineStaticLibrary\PrioEngineStaticLibrary\Engine\Resources\Textures\Test.dds
  C:\Users\Sam\Source\Repos\PrioEngineStaticLibrary\PrioEngineStaticLibrary\Engine\Resources\Textures\TestTex.dds
  C:\Users\Sam\Source\Repos\PrioEngineStaticLibrary\PrioEngineStaticLibrary\Engine\Resources\Textures\TriangleTex.dds
  C:\Users\Sam\Source\Repos\PrioEngineStaticLibrary\PrioEngineStaticLibrary\Engine\Resources\Textures\YellowGrass.dds
  23 File(s) copied
